103.05.20 18:47 B C:\Meus documentos\awebs\tt\letras\midis\0004Rapsodie1.mid <-- jf.directlink.com.br /public_html/letras/midis 0004Rapsodie1.mid
103.05.20 18:47 B C:\Meus documentos\awebs\tt\letras\midis\1nemontemi.mid <-- jf.directlink.com.br /public_html/letras/midis 1nemontemi.mid
103.05.20 18:47 B C:\Meus documentos\awebs\tt\letras\midis\An_affair_to_remember_.wav <-- jf.directlink.com.br /public_html/letras/midis An_affair_to_remember_.wav
103.05.20 18:47 B C:\Meus documentos\awebs\tt\letras\midis\Indian_Flute_1_1.wav <-- jf.directlink.com.br /public_html/letras/midis Indian_Flute_1_1.wav
103.05.20 18:47 B C:\Meus documentos\awebs\tt\letras\midis\Y_a_n_n_i-onemans1.mid <-- jf.directlink.com.br /public_html/letras/midis Y_a_n_n_i-onemans1.mid
103.05.20 18:47 B C:\Meus documentos\awebs\tt\letras\midis\abermrouge1.mid <-- jf.directlink.com.br /public_html/letras/midis abermrouge1.mid
103.05.20 18:47 B C:\Meus documentos\awebs\tt\letras\midis\amour.wav <-- jf.directlink.com.br /public_html/letras/midis amour.wav
103.05.20 18:47 B C:\Meus documentos\awebs\tt\letras\midis\andre_rieu_-_Laras_Theme_.wav <-- jf.directlink.com.br /public_html/letras/midis andre_rieu_-_Laras_Theme_.wav
103.05.20 18:47 B C:\Meus documentos\awebs\tt\letras\midis\aninais1_Estrela.mid <-- jf.directlink.com.br /public_html/letras/midis aninais1_Estrela.mid
103.05.20 18:47 B C:\Meus documentos\awebs\tt\letras\midis\avemaria2.mid <-- jf.directlink.com.br /public_html/letras/midis avemaria2.mid
103.05.20 18:47 B C:\Meus documentos\awebs\tt\letras\midis\boleroravel.mid <-- jf.directlink.com.br /public_html/letras/midis boleroravel.mid
103.05.20 18:47 B C:\Meus documentos\awebs\tt\letras\midis\celtic1.wav <-- jf.directlink.com.br /public_html/letras/midis celtic1.wav
103.05.20 18:47 B C:\Meus documentos\awebs\tt\letras\midis\danca_hungara_nr_21.mid <-- jf.directlink.com.br /public_html/letras/midis danca_hungara_nr_21.mid
103.05.20 18:48 B C:\Meus documentos\awebs\tt\letras\midis\edelweiss_musica_no_coracao.wav <-- jf.directlink.com.br /public_html/letras/midis edelweiss_musica_no_coracao.wav
103.05.20 18:48 B C:\Meus documentos\awebs\tt\letras\midis\enya2_2.wav <-- jf.directlink.com.br /public_html/letras/midis enya2_2.wav
103.05.20 18:48 B C:\Meus documentos\awebs\tt\letras\midis\madison1.wav <-- jf.directlink.com.br /public_html/letras/midis madison1.wav
103.05.20 18:48 B C:\Meus documentos\awebs\tt\letras\midis\piano_vaya_con_dios1.mid <-- jf.directlink.com.br /public_html/letras/midis piano_vaya_con_dios1.mid
103.05.20 18:48 B C:\Meus documentos\awebs\tt\letras\midis\sleepwalker.mid <-- jf.directlink.com.br /public_html/letras/midis sleepwalker.mid
104.09.30 20:58 B C:\meus documentos\awebs\tt\website\letras\midis\0004Rapsodie1.mid --> www.virtualismo.com.br /public_html/mtneves/letras 0004Rapsodie1.mid
104.09.30 20:58 B C:\meus documentos\awebs\tt\website\letras\midis\1nemontemi.mid --> www.virtualismo.com.br /public_html/mtneves/letras 1nemontemi.mid
104.09.30 20:58 B C:\meus documentos\awebs\tt\website\letras\midis\abermrouge1.mid --> www.virtualismo.com.br /public_html/mtneves/letras abermrouge1.mid
104.09.30 20:58 B C:\meus documentos\awebs\tt\website\letras\midis\amour.wav --> www.virtualismo.com.br /public_html/mtneves/letras amour.wav
104.09.30 20:58 B C:\meus documentos\awebs\tt\website\letras\midis\andre_rieu_-_Laras_Theme_.wav --> www.virtualismo.com.br /public_html/mtneves/letras andre_rieu_-_Laras_Theme_.wav
104.09.30 20:58 B C:\meus documentos\awebs\tt\website\letras\midis\aninais1_Estrela.mid --> www.virtualismo.com.br /public_html/mtneves/letras aninais1_Estrela.mid
104.09.30 20:58 B C:\meus documentos\awebs\tt\website\letras\midis\An_affair_to_remember_.wav --> www.virtualismo.com.br /public_html/mtneves/letras An_affair_to_remember_.wav
104.09.30 20:58 B C:\meus documentos\awebs\tt\website\letras\midis\avemaria2.mid --> www.virtualismo.com.br /public_html/mtneves/letras avemaria2.mid
104.09.30 20:58 B C:\meus documentos\awebs\tt\website\letras\midis\boleroravel.mid --> www.virtualismo.com.br /public_html/mtneves/letras boleroravel.mid
104.09.30 20:59 B C:\meus documentos\awebs\tt\website\letras\midis\celtic1.wav --> www.virtualismo.com.br /public_html/mtneves/letras celtic1.wav
104.09.30 20:59 B C:\meus documentos\awebs\tt\website\letras\midis\danca_hungara_nr_21.mid --> www.virtualismo.com.br /public_html/mtneves/letras danca_hungara_nr_21.mid
104.09.30 20:59 B C:\meus documentos\awebs\tt\website\letras\midis\edelweiss_musica_no_coracao.wav --> www.virtualismo.com.br /public_html/mtneves/letras edelweiss_musica_no_coracao.wav
104.09.30 20:59 B C:\meus documentos\awebs\tt\website\letras\midis\enya2_2.wav --> www.virtualismo.com.br /public_html/mtneves/letras enya2_2.wav
104.09.30 20:59 B C:\meus documentos\awebs\tt\website\letras\midis\Indian_Flute_1_1.wav --> www.virtualismo.com.br /public_html/mtneves/letras Indian_Flute_1_1.wav
104.09.30 20:59 B C:\meus documentos\awebs\tt\website\letras\midis\madison1.wav --> www.virtualismo.com.br /public_html/mtneves/letras madison1.wav
104.09.30 20:59 B C:\meus documentos\awebs\tt\website\letras\midis\piano_vaya_con_dios1.mid --> www.virtualismo.com.br /public_html/mtneves/letras piano_vaya_con_dios1.mid
104.09.30 20:59 B C:\meus documentos\awebs\tt\website\letras\midis\sleepwalker.mid --> www.virtualismo.com.br /public_html/mtneves/letras sleepwalker.mid
104.09.30 20:59 B C:\meus documentos\awebs\tt\website\letras\midis\ws_ftp.log --> www.virtualismo.com.br /public_html/mtneves/letras ws_ftp.log
104.09.30 20:59 B C:\meus documentos\awebs\tt\website\letras\midis\Y_a_n_n_i-onemans1.mid --> www.virtualismo.com.br /public_html/mtneves/letras Y_a_n_n_i-onemans1.mid
104.11.17 13:10 B C:\meus documentos\awebs\tt\website\letras\midis\0004Rapsodie1.mid --> www.virtualismo.com.br /public_html/mtneves/letras 0004Rapsodie1.mid
104.11.17 13:10 B C:\meus documentos\awebs\tt\website\letras\midis\1nemontemi.mid --> www.virtualismo.com.br /public_html/mtneves/letras 1nemontemi.mid
104.11.17 13:10 B C:\meus documentos\awebs\tt\website\letras\midis\abermrouge1.mid --> www.virtualismo.com.br /public_html/mtneves/letras abermrouge1.mid
104.11.17 13:10 B C:\meus documentos\awebs\tt\website\letras\midis\amour.wav --> www.virtualismo.com.br /public_html/mtneves/letras amour.wav
104.11.17 13:10 B C:\meus documentos\awebs\tt\website\letras\midis\andre_rieu_-_Laras_Theme_.wav --> www.virtualismo.com.br /public_html/mtneves/letras andre_rieu_-_Laras_Theme_.wav
104.11.17 13:10 B C:\meus documentos\awebs\tt\website\letras\midis\aninais1_Estrela.mid --> www.virtualismo.com.br /public_html/mtneves/letras aninais1_Estrela.mid
104.11.17 13:10 B C:\meus documentos\awebs\tt\website\letras\midis\An_affair_to_remember_.wav --> www.virtualismo.com.br /public_html/mtneves/letras An_affair_to_remember_.wav
104.11.17 13:11 B C:\meus documentos\awebs\tt\website\letras\midis\avemaria2.mid --> www.virtualismo.com.br /public_html/mtneves/letras avemaria2.mid
104.11.17 13:11 B C:\meus documentos\awebs\tt\website\letras\midis\boleroravel.mid --> www.virtualismo.com.br /public_html/mtneves/letras boleroravel.mid
104.11.17 13:11 B C:\meus documentos\awebs\tt\website\letras\midis\celtic1.wav --> www.virtualismo.com.br /public_html/mtneves/letras celtic1.wav
104.11.17 13:11 B C:\meus documentos\awebs\tt\website\letras\midis\danca_hungara_nr_21.mid --> www.virtualismo.com.br /public_html/mtneves/letras danca_hungara_nr_21.mid
104.11.17 13:11 B C:\meus documentos\awebs\tt\website\letras\midis\edelweiss_musica_no_coracao.wav --> www.virtualismo.com.br /public_html/mtneves/letras edelweiss_musica_no_coracao.wav
104.11.17 13:11 B C:\meus documentos\awebs\tt\website\letras\midis\enya2_2.wav --> www.virtualismo.com.br /public_html/mtneves/letras enya2_2.wav
104.11.17 13:11 B C:\meus documentos\awebs\tt\website\letras\midis\Indian_Flute_1_1.wav --> www.virtualismo.com.br /public_html/mtneves/letras Indian_Flute_1_1.wav
104.11.17 13:11 B C:\meus documentos\awebs\tt\website\letras\midis\madison1.wav --> www.virtualismo.com.br /public_html/mtneves/letras madison1.wav
104.11.17 13:11 B C:\meus documentos\awebs\tt\website\letras\midis\piano_vaya_con_dios1.mid --> www.virtualismo.com.br /public_html/mtneves/letras piano_vaya_con_dios1.mid
104.11.17 13:11 B C:\meus documentos\awebs\tt\website\letras\midis\sleepwalker.mid --> www.virtualismo.com.br /public_html/mtneves/letras sleepwalker.mid
104.11.17 13:11 B C:\meus documentos\awebs\tt\website\letras\midis\ws_ftp.log --> www.virtualismo.com.br /public_html/mtneves/letras ws_ftp.log
104.11.17 13:11 B C:\meus documentos\awebs\tt\website\letras\midis\Y_a_n_n_i-onemans1.mid --> www.virtualismo.com.br /public_html/mtneves/letras Y_a_n_n_i-onemans1.mid
